<?xml version="1.0" encoding="UTF-8"?>
<coverage generated="1687331649947" clover="3.2.0">
  <project timestamp="1687331649949" name="All files">
    <metrics statements="25" coveredstatements="25" conditionals="28" coveredconditionals="28" methods="6" coveredmethods="6" elements="59" coveredelements="59" complexity="0" loc="25" ncloc="25" packages="1" files="3" classes="3"/>
    <file name="calculator.js" path="C:\Users\HP\Documents\Git repos\Testing-practice\js\calculator.js">
      <metrics statements="17" coveredstatements="17" conditionals="24" coveredconditionals="24" methods="4" coveredmethods="4"/>
      <line num="2" count="1" type="stmt"/>
      <line num="3" count="4" type="cond" truecount="6" falsecount="0"/>
      <line num="4" count="1" type="stmt"/>
      <line num="6" count="3" type="stmt"/>
      <line num="10" count="1" type="stmt"/>
      <line num="11" count="4" type="cond" truecount="6" falsecount="0"/>
      <line num="12" count="1" type="stmt"/>
      <line num="14" count="3" type="stmt"/>
      <line num="18" count="1" type="stmt"/>
      <line num="19" count="4" type="cond" truecount="6" falsecount="0"/>
      <line num="20" count="1" type="stmt"/>
      <line num="22" count="3" type="stmt"/>
      <line num="26" count="1" type="stmt"/>
      <line num="27" count="4" type="cond" truecount="6" falsecount="0"/>
      <line num="28" count="1" type="stmt"/>
      <line num="30" count="3" type="stmt"/>
      <line num="35" count="1" type="stmt"/>
    </file>
    <file name="reverseString.js" path="C:\Users\HP\Documents\Git repos\Testing-practice\js\reverseString.js">
      <metrics statements="3" coveredstatements="3" conditionals="0" coveredconditionals="0" methods="1" coveredmethods="1"/>
      <line num="1" count="1" type="stmt"/>
      <line num="2" count="1" type="stmt"/>
      <line num="5" count="1" type="stmt"/>
    </file>
    <file name="stringLength.js" path="C:\Users\HP\Documents\Git repos\Testing-practice\js\stringLength.js">
      <metrics statements="5" coveredstatements="5" conditionals="4" coveredconditionals="4" methods="1" coveredmethods="1"/>
      <line num="1" count="1" type="stmt"/>
      <line num="2" count="2" type="cond" truecount="4" falsecount="0"/>
      <line num="3" count="1" type="stmt"/>
      <line num="5" count="1" type="stmt"/>
      <line num="9" count="1" type="stmt"/>
    </file>
  </project>
</coverage>
