{"C:\\Users\\HP\\Documents\\Git repos\\Testing-practice\\js\\calculator.js": {"path":"C:\\Users\\HP\\Documents\\Git repos\\Testing-practice\\js\\calculator.js","statementMap":{"0":{"start":{"line":2,"column":10},"end":{"line":8,"column":5}},"1":{"start":{"line":3,"column":8},"end":{"line":7,"column":9}},"2":{"start":{"line":4,"column":12},"end":{"line":4,"column":37}},"3":{"start":{"line":6,"column":12},"end":{"line":6,"column":53}},"4":{"start":{"line":10,"column":15},"end":{"line":16,"column":5}},"5":{"start":{"line":11,"column":8},"end":{"line":15,"column":9}},"6":{"start":{"line":12,"column":12},"end":{"line":12,"column":37}},"7":{"start":{"line":14,"column":12},"end":{"line":14,"column":53}},"8":{"start":{"line":18,"column":13},"end":{"line":24,"column":5}},"9":{"start":{"line":19,"column":8},"end":{"line":23,"column":9}},"10":{"start":{"line":20,"column":12},"end":{"line":20,"column":37}},"11":{"start":{"line":22,"column":12},"end":{"line":22,"column":53}},"12":{"start":{"line":26,"column":15},"end":{"line":32,"column":5}},"13":{"start":{"line":27,"column":8},"end":{"line":31,"column":9}},"14":{"start":{"line":28,"column":12},"end":{"line":28,"column":37}},"15":{"start":{"line":30,"column":12},"end":{"line":30,"column":53}},"16":{"start":{"line":35,"column":0},"end":{"line":35,"column":28}}},"fnMap":{"0":{"name":"(anonymous_0)","decl":{"start":{"line":2,"column":10},"end":{"line":2,"column":11}},"loc":{"start":{"line":2,"column":32},"end":{"line":8,"column":5}},"line":2},"1":{"name":"(anonymous_1)","decl":{"start":{"line":10,"column":15},"end":{"line":10,"column":16}},"loc":{"start":{"line":10,"column":37},"end":{"line":16,"column":5}},"line":10},"2":{"name":"(anonymous_2)","decl":{"start":{"line":18,"column":13},"end":{"line":18,"column":14}},"loc":{"start":{"line":18,"column":35},"end":{"line":24,"column":5}},"line":18},"3":{"name":"(anonymous_3)","decl":{"start":{"line":26,"column":15},"end":{"line":26,"column":16}},"loc":{"start":{"line":26,"column":37},"end":{"line":32,"column":5}},"line":26}},"branchMap":{"0":{"loc":{"start":{"line":3,"column":8},"end":{"line":7,"column":9}},"type":"if","locations":[{"start":{"line":3,"column":8},"end":{"line":7,"column":9}},{"start":{"line":5,"column":15},"end":{"line":7,"column":9}}],"line":3},"1":{"loc":{"start":{"line":3,"column":11},"end":{"line":3,"column":93}},"type":"binary-expr","locations":[{"start":{"line":3,"column":11},"end":{"line":3,"column":39}},{"start":{"line":3,"column":43},"end":{"line":3,"column":71}},{"start":{"line":3,"column":75},"end":{"line":3,"column":82}},{"start":{"line":3,"column":86},"end":{"line":3,"column":93}}],"line":3},"2":{"loc":{"start":{"line":11,"column":8},"end":{"line":15,"column":9}},"type":"if","locations":[{"start":{"line":11,"column":8},"end":{"line":15,"column":9}},{"start":{"line":13,"column":15},"end":{"line":15,"column":9}}],"line":11},"3":{"loc":{"start":{"line":11,"column":11},"end":{"line":11,"column":93}},"type":"binary-expr","locations":[{"start":{"line":11,"column":11},"end":{"line":11,"column":39}},{"start":{"line":11,"column":43},"end":{"line":11,"column":71}},{"start":{"line":11,"column":75},"end":{"line":11,"column":82}},{"start":{"line":11,"column":86},"end":{"line":11,"column":93}}],"line":11},"4":{"loc":{"start":{"line":19,"column":8},"end":{"line":23,"column":9}},"type":"if","locations":[{"start":{"line":19,"column":8},"end":{"line":23,"column":9}},{"start":{"line":21,"column":15},"end":{"line":23,"column":9}}],"line":19},"5":{"loc":{"start":{"line":19,"column":11},"end":{"line":19,"column":93}},"type":"binary-expr","locations":[{"start":{"line":19,"column":11},"end":{"line":19,"column":39}},{"start":{"line":19,"column":43},"end":{"line":19,"column":71}},{"start":{"line":19,"column":75},"end":{"line":19,"column":82}},{"start":{"line":19,"column":86},"end":{"line":19,"column":93}}],"line":19},"6":{"loc":{"start":{"line":27,"column":8},"end":{"line":31,"column":9}},"type":"if","locations":[{"start":{"line":27,"column":8},"end":{"line":31,"column":9}},{"start":{"line":29,"column":15},"end":{"line":31,"column":9}}],"line":27},"7":{"loc":{"start":{"line":27,"column":11},"end":{"line":27,"column":93}},"type":"binary-expr","locations":[{"start":{"line":27,"column":11},"end":{"line":27,"column":39}},{"start":{"line":27,"column":43},"end":{"line":27,"column":71}},{"start":{"line":27,"column":75},"end":{"line":27,"column":82}},{"start":{"line":27,"column":86},"end":{"line":27,"column":93}}],"line":27}},"s":{"0":1,"1":4,"2":1,"3":3,"4":1,"5":4,"6":1,"7":3,"8":1,"9":4,"10":1,"11":3,"12":1,"13":4,"14":1,"15":3,"16":1},"f":{"0":4,"1":4,"2":4,"3":4},"b":{"0":[1,3],"1":[4,1,1,1],"2":[1,3],"3":[4,1,1,1],"4":[1,3],"5":[4,1,1,1],"6":[1,3],"7":[4,1,1,1]},"_coverageSchema":"1a1c01bbd47fc00a2c39e90264f33305004495a9","hash":"d05034258d37f3169abc7d4a172699bda6c3665e"}
,"C:\\Users\\HP\\Documents\\Git repos\\Testing-practice\\js\\capitalizeString.js": {"path":"C:\\Users\\HP\\Documents\\Git repos\\Testing-practice\\js\\capitalizeString.js","statementMap":{"0":{"start":{"line":1,"column":19},"end":{"line":3,"column":1}},"1":{"start":{"line":4,"column":0},"end":{"line":4,"column":28}}},"fnMap":{"0":{"name":"(anonymous_0)","decl":{"start":{"line":1,"column":19},"end":{"line":1,"column":20}},"loc":{"start":{"line":1,"column":31},"end":{"line":3,"column":1}},"line":1}},"branchMap":{},"s":{"0":1,"1":1},"f":{"0":3},"b":{},"_coverageSchema":"1a1c01bbd47fc00a2c39e90264f33305004495a9","hash":"deb3ddd30ad7b98f8495812dba5548620de08376"}
,"C:\\Users\\HP\\Documents\\Git repos\\Testing-practice\\js\\reverseString.js": {"path":"C:\\Users\\HP\\Documents\\Git repos\\Testing-practice\\js\\reverseString.js","statementMap":{"0":{"start":{"line":1,"column":22},"end":{"line":3,"column":1}},"1":{"start":{"line":2,"column":4},"end":{"line":2,"column":47}},"2":{"start":{"line":5,"column":0},"end":{"line":5,"column":31}}},"fnMap":{"0":{"name":"(anonymous_0)","decl":{"start":{"line":1,"column":22},"end":{"line":1,"column":23}},"loc":{"start":{"line":1,"column":34},"end":{"line":3,"column":1}},"line":1}},"branchMap":{},"s":{"0":1,"1":1,"2":1},"f":{"0":1},"b":{},"_coverageSchema":"1a1c01bbd47fc00a2c39e90264f33305004495a9","hash":"c54430558ebcb91d191d1f04c8cd7b15cd824bbf"}
,"C:\\Users\\HP\\Documents\\Git repos\\Testing-practice\\js\\stringLength.js": {"path":"C:\\Users\\HP\\Documents\\Git repos\\Testing-practice\\js\\stringLength.js","statementMap":{"0":{"start":{"line":1,"column":21},"end":{"line":7,"column":1}},"1":{"start":{"line":2,"column":4},"end":{"line":6,"column":5}},"2":{"start":{"line":3,"column":8},"end":{"line":3,"column":29}},"3":{"start":{"line":5,"column":8},"end":{"line":5,"column":54}},"4":{"start":{"line":9,"column":0},"end":{"line":9,"column":30}}},"fnMap":{"0":{"name":"(anonymous_0)","decl":{"start":{"line":1,"column":21},"end":{"line":1,"column":22}},"loc":{"start":{"line":1,"column":33},"end":{"line":7,"column":1}},"line":1}},"branchMap":{"0":{"loc":{"start":{"line":2,"column":4},"end":{"line":6,"column":5}},"type":"if","locations":[{"start":{"line":2,"column":4},"end":{"line":6,"column":5}},{"start":{"line":4,"column":11},"end":{"line":6,"column":5}}],"line":2},"1":{"loc":{"start":{"line":2,"column":8},"end":{"line":2,"column":48}},"type":"binary-expr","locations":[{"start":{"line":2,"column":8},"end":{"line":2,"column":26}},{"start":{"line":2,"column":30},"end":{"line":2,"column":48}}],"line":2}},"s":{"0":1,"1":2,"2":1,"3":1,"4":1},"f":{"0":2},"b":{"0":[1,1],"1":[2,2]},"_coverageSchema":"1a1c01bbd47fc00a2c39e90264f33305004495a9","hash":"1098faf85f20c12174c8d96bd4f140c9e4469990"}
}
