TN:
SF:js\calculator.js
FN:2,(anonymous_0)
FN:10,(anonymous_1)
FN:18,(anonymous_2)
FN:26,(anonymous_3)
FNF:4
FNH:4
FNDA:4,(anonymous_0)
FNDA:4,(anonymous_1)
FNDA:4,(anonymous_2)
FNDA:4,(anonymous_3)
DA:2,1
DA:3,4
DA:4,1
DA:6,3
DA:10,1
DA:11,4
DA:12,1
DA:14,3
DA:18,1
DA:19,4
DA:20,1
DA:22,3
DA:26,1
DA:27,4
DA:28,1
DA:30,3
DA:35,1
LF:17
LH:17
BRDA:3,0,0,1
BRDA:3,0,1,3
BRDA:3,1,0,4
BRDA:3,1,1,1
BRDA:3,1,2,1
BRDA:3,1,3,1
BRDA:11,2,0,1
BRDA:11,2,1,3
BRDA:11,3,0,4
BRDA:11,3,1,1
BRDA:11,3,2,1
BRDA:11,3,3,1
BRDA:19,4,0,1
BRDA:19,4,1,3
BRDA:19,5,0,4
BRDA:19,5,1,1
BRDA:19,5,2,1
BRDA:19,5,3,1
BRDA:27,6,0,1
BRDA:27,6,1,3
BRDA:27,7,0,4
BRDA:27,7,1,1
BRDA:27,7,2,1
BRDA:27,7,3,1
BRF:24
BRH:24
end_of_record
TN:
SF:js\capitalizeString.js
FN:1,(anonymous_0)
FNF:1
FNH:1
FNDA:3,(anonymous_0)
DA:1,1
DA:4,1
LF:2
LH:2
BRF:0
BRH:0
end_of_record
TN:
SF:js\reverseString.js
FN:1,(anonymous_0)
FNF:1
FNH:1
FNDA:1,(anonymous_0)
DA:1,1
DA:2,1
DA:5,1
LF:3
LH:3
BRF:0
BRH:0
end_of_record
TN:
SF:js\stringLength.js
FN:1,(anonymous_0)
FNF:1
FNH:1
FNDA:2,(anonymous_0)
DA:1,1
DA:2,2
DA:3,1
DA:5,1
DA:9,1
LF:5
LH:5
BRDA:2,0,0,1
BRDA:2,0,1,1
BRDA:2,1,0,2
BRDA:2,1,1,2
BRF:4
BRH:4
end_of_record
